  Model.cpp
E:\2n CDI\INFO\AA2_Informatica_Grafica\MyFirstOpenGL\MyFirstOpenGL\MyShaderProgram.h(33,8): error C3646: 'LoadOBJModel': unknown override specifier
E:\2n CDI\INFO\AA2_Informatica_Grafica\MyFirstOpenGL\MyFirstOpenGL\MyShaderProgram.h(33,20): error C2059: syntax error: '('
E:\2n CDI\INFO\AA2_Informatica_Grafica\MyFirstOpenGL\MyFirstOpenGL\MyShaderProgram.h(33,119): error C2238: unexpected token(s) preceding ';'
E:\2n CDI\INFO\AA2_Informatica_Grafica\MyFirstOpenGL\MyFirstOpenGL\Model.h(16,8): error C3646: 'myUtils': unknown override specifier
E:\2n CDI\INFO\AA2_Informatica_Grafica\MyFirstOpenGL\MyFirstOpenGL\Model.h(16,15): error C4430: missing type specifier - int assumed. Note: C++ does not support default-int
E:\2n CDI\INFO\AA2_Informatica_Grafica\MyFirstOpenGL\MyFirstOpenGL\Model.cpp(13,39): warning C4267: '=': conversion from 'size_t' to 'unsigned int', possible loss of data
  Main.cpp
E:\2n CDI\INFO\AA2_Informatica_Grafica\MyFirstOpenGL\MyFirstOpenGL\MyShaderProgram.h(33,8): error C3646: 'LoadOBJModel': unknown override specifier
E:\2n CDI\INFO\AA2_Informatica_Grafica\MyFirstOpenGL\MyFirstOpenGL\MyShaderProgram.h(33,20): error C2059: syntax error: '('
E:\2n CDI\INFO\AA2_Informatica_Grafica\MyFirstOpenGL\MyFirstOpenGL\MyShaderProgram.h(33,119): error C2238: unexpected token(s) preceding ';'
E:\2n CDI\INFO\AA2_Informatica_Grafica\MyFirstOpenGL\MyFirstOpenGL\Model.h(16,8): error C3646: 'myUtils': unknown override specifier
E:\2n CDI\INFO\AA2_Informatica_Grafica\MyFirstOpenGL\MyFirstOpenGL\Model.h(16,15): error C4430: missing type specifier - int assumed. Note: C++ does not support default-int
E:\2n CDI\INFO\AA2_Informatica_Grafica\MyFirstOpenGL\MyFirstOpenGL\Main.cpp(18,101): warning C4244: 'argument': conversion from 'int' to 'GLfloat', possible loss of data
E:\2n CDI\INFO\AA2_Informatica_Grafica\MyFirstOpenGL\MyFirstOpenGL\Main.cpp(18,82): warning C4244: 'argument': conversion from 'int' to 'GLfloat', possible loss of data
E:\2n CDI\INFO\AA2_Informatica_Grafica\MyFirstOpenGL\MyFirstOpenGL\Main.cpp(21,13): warning C4326: return type of 'main' should be 'int' instead of 'void'
E:\2n CDI\INFO\AA2_Informatica_Grafica\MyFirstOpenGL\MyFirstOpenGL\Main.cpp(62,31): error C2039: 'LoadOBJModel': is not a member of 'MyShaderProgram'
E:\2n CDI\INFO\AA2_Informatica_Grafica\MyFirstOpenGL\MyFirstOpenGL\MyShaderProgram.h(20,7): message : see declaration of 'MyShaderProgram'
  MyShaderProgram.cpp
E:\2n CDI\INFO\AA2_Informatica_Grafica\MyFirstOpenGL\MyFirstOpenGL\Model.h(16,8): error C3646: 'myUtils': unknown override specifier
E:\2n CDI\INFO\AA2_Informatica_Grafica\MyFirstOpenGL\MyFirstOpenGL\Model.h(16,15): error C4430: missing type specifier - int assumed. Note: C++ does not support default-int
E:\2n CDI\INFO\AA2_Informatica_Grafica\MyFirstOpenGL\MyFirstOpenGL\Model.h(21,17): error C2143: syntax error: missing ';' before '*'
E:\2n CDI\INFO\AA2_Informatica_Grafica\MyFirstOpenGL\MyFirstOpenGL\Model.h(21,17): error C4430: missing type specifier - int assumed. Note: C++ does not support default-int
E:\2n CDI\INFO\AA2_Informatica_Grafica\MyFirstOpenGL\MyFirstOpenGL\Model.h(21,28): error C2238: unexpected token(s) preceding ';'
E:\2n CDI\INFO\AA2_Informatica_Grafica\MyFirstOpenGL\MyFirstOpenGL\MyShaderProgram.cpp(334,14): error C2440: '<function-style-cast>': cannot convert from 'initializer list' to 'Model'
E:\2n CDI\INFO\AA2_Informatica_Grafica\MyFirstOpenGL\MyFirstOpenGL\MyShaderProgram.cpp(334,14): message : No constructor could take the source type, or constructor overload resolution was ambiguous
  Utils.cpp
E:\2n CDI\INFO\AA2_Informatica_Grafica\MyFirstOpenGL\MyFirstOpenGL\MyShaderProgram.h(33,8): error C3646: 'LoadOBJModel': unknown override specifier
E:\2n CDI\INFO\AA2_Informatica_Grafica\MyFirstOpenGL\MyFirstOpenGL\MyShaderProgram.h(33,20): error C2059: syntax error: '('
E:\2n CDI\INFO\AA2_Informatica_Grafica\MyFirstOpenGL\MyFirstOpenGL\MyShaderProgram.h(33,119): error C2238: unexpected token(s) preceding ';'
E:\2n CDI\INFO\AA2_Informatica_Grafica\MyFirstOpenGL\MyFirstOpenGL\Model.h(16,8): error C3646: 'myUtils': unknown override specifier
E:\2n CDI\INFO\AA2_Informatica_Grafica\MyFirstOpenGL\MyFirstOpenGL\Model.h(16,15): error C4430: missing type specifier - int assumed. Note: C++ does not support default-int
  Generating Code...
